<?xml version="1.0" encoding="utf-8"?><testsuites name="pytest tests"><testsuite name="pytest" errors="0" failures="0" skipped="0" tests="11" time="13.340" timestamp="2026-05-06T21:15:38.578278+00:00" hostname="agent-env-3fbe4f05-a46d-48a0-9b56-503c9f6373aa"><testcase classname="backend.tests.test_youtube_downloader" name="test_health" time="0.426" /><testcase classname="backend.tests.test_youtube_downloader" name="test_channel_fetch_valid" time="7.179" /><testcase classname="backend.tests.test_youtube_downloader" name="test_channel_fetch_invalid_url" time="0.080" /><testcase classname="backend.tests.test_youtube_downloader" name="test_channel_fetch_empty_url" time="0.070" /><testcase classname="backend.tests.test_youtube_downloader" name="test_get_cached_channel" time="0.105" /><testcase classname="backend.tests.test_youtube_downloader" name="test_get_cached_channel_not_found" time="0.082" /><testcase classname="backend.tests.test_youtube_downloader" name="test_download_invalid_url" time="0.065" /><testcase classname="backend.tests.test_youtube_downloader" name="test_download_single_headers" time="1.667" /><testcase classname="backend.tests.test_youtube_downloader" name="test_bulk_empty" time="0.303" /><testcase classname="backend.tests.test_youtube_downloader" name="test_bulk_too_many" time="0.081" /><testcase classname="backend.tests.test_youtube_downloader" name="test_bulk_two_videos_headers" time="3.068" /></testsuite></testsuites>